
1월 09, 2020 01:03:21.39 NEW SESSION
1월 09, 2020 01:03:21.39 [864:11508:0109/010321.244:ERROR:get_updates_processor.cc(246)] PostClientToServerMessage() failed during GetUpdates
1월 09, 2020 01:04:47.30 [864:11508:0109/010447.301:ERROR:get_updates_processor.cc(246)] PostClientToServerMessage() failed during GetUpdates
1월 09, 2020 01:06:19.47 [864:8788:0109/010619.473:ERROR:socket_stream.cc(218)] Closing stream with result -2
1월 09, 2020 01:06:30.51 [864:8788:0109/010630.516:ERROR:connection_factory_impl.cc(418)] Failed to connect to MCS endpoint with error -105
1월 09, 2020 01:07:01.79 [864:8788:0109/010701.789:ERROR:connection_factory_impl.cc(418)] Failed to connect to MCS endpoint with error -105
1월 09, 2020 01:07:54.72 [864:8788:0109/010754.725:ERROR:connection_factory_impl.cc(418)] Failed to connect to MCS endpoint with error -105
1월 09, 2020 01:08:05.34 [864:11508:0109/010805.343:ERROR:get_updates_processor.cc(246)] PostClientToServerMessage() failed during GetUpdates
1월 09, 2020 01:09:51.19 [864:8788:0109/010951.190:ERROR:connection_factory_impl.cc(418)] Failed to connect to MCS endpoint with error -105
1월 09, 2020 01:11:10.58 [864:520:0109/011110.582:ERROR:gcm_channel_status_request.cc(145)] GCM channel request failed.
1월 09, 2020 01:11:46.53 [864:520:0109/011146.530:ERROR:gcm_channel_status_request.cc(145)] GCM channel request failed.
1월 09, 2020 01:12:45.60 [864:520:0109/011245.603:ERROR:gcm_channel_status_request.cc(145)] GCM channel request failed.
1월 09, 2020 01:12:46.35 [864:11508:0109/011246.350:ERROR:get_updates_processor.cc(246)] PostClientToServerMessage() failed during GetUpdates
1월 09, 2020 01:13:54.27 [864:8788:0109/011354.269:ERROR:connection_factory_impl.cc(418)] Failed to connect to MCS endpoint with error -105
1월 09, 2020 01:14:19.85 [864:520:0109/011419.852:ERROR:gcm_channel_status_request.cc(145)] GCM channel request failed.
1월 09, 2020 01:18:21.45 [864:520:0109/011821.456:ERROR:gcm_channel_status_request.cc(145)] GCM channel request failed.
1월 09, 2020 01:20:42.39 [864:8788:0109/012042.398:ERROR:connection_factory_impl.cc(418)] Failed to connect to MCS endpoint with error -105
1월 09, 2020 01:22:57.40 [864:11508:0109/012257.399:ERROR:get_updates_processor.cc(246)] PostClientToServerMessage() failed during GetUpdates
1월 09, 2020 01:24:25.67 [864:520:0109/012425.676:ERROR:gcm_channel_status_request.cc(145)] GCM channel request failed.
1월 09, 2020 01:30:53.45 [864:8788:0109/013053.454:ERROR:connection_factory_impl.cc(418)] Failed to connect to MCS endpoint with error -105
1월 09, 2020 01:33:08.44 [864:11508:0109/013308.442:ERROR:get_updates_processor.cc(246)] PostClientToServerMessage() failed during GetUpdates
1월 09, 2020 01:34:36.73 [864:520:0109/013436.731:ERROR:gcm_channel_status_request.cc(145)] GCM channel request failed.
1월 09, 2020 01:41:04.55 [864:8788:0109/014104.553:ERROR:connection_factory_impl.cc(418)] Failed to connect to MCS endpoint with error -105
1월 09, 2020 01:43:19.54 [864:11508:0109/014319.549:ERROR:get_updates_processor.cc(246)] PostClientToServerMessage() failed during GetUpdates
1월 09, 2020 01:44:47.83 [864:520:0109/014447.836:ERROR:gcm_channel_status_request.cc(145)] GCM channel request failed.
1월 09, 2020 01:51:15.67 [864:8788:0109/015115.674:ERROR:connection_factory_impl.cc(418)] Failed to connect to MCS endpoint with error -105
1월 09, 2020 01:53:30.67 [864:11508:0109/015330.670:ERROR:get_updates_processor.cc(246)] PostClientToServerMessage() failed during GetUpdates
1월 09, 2020 01:54:58.94 [864:520:0109/015458.949:ERROR:gcm_channel_status_request.cc(145)] GCM channel request failed.
1월 09, 2020 02:01:26.79 [864:8788:0109/020126.799:ERROR:connection_factory_impl.cc(418)] Failed to connect to MCS endpoint with error -105
1월 09, 2020 02:03:41.77 [864:11508:0109/020341.779:ERROR:get_updates_processor.cc(246)] PostClientToServerMessage() failed during GetUpdates
1월 09, 2020 02:05:04.99 [864:520:0109/020504.994:ERROR:gcm_channel_status_request.cc(145)] GCM channel request failed.
1월 09, 2020 02:11:37.92 [864:8788:0109/021137.924:ERROR:connection_factory_impl.cc(418)] Failed to connect to MCS endpoint with error -105
1월 09, 2020 02:13:52.88 [864:11508:0109/021352.889:ERROR:get_updates_processor.cc(246)] PostClientToServerMessage() failed during GetUpdates
1월 09, 2020 02:15:16.09 [864:520:0109/021516.099:ERROR:gcm_channel_status_request.cc(145)] GCM channel request failed.
1월 09, 2020 02:21:49.04 [864:8788:0109/022149.048:ERROR:connection_factory_impl.cc(418)] Failed to connect to MCS endpoint with error -105
1월 09, 2020 02:24:03.99 [864:11508:0109/022403.997:ERROR:get_updates_processor.cc(246)] PostClientToServerMessage() failed during GetUpdates
1월 09, 2020 02:25:27.20 [864:520:0109/022527.209:ERROR:gcm_channel_status_request.cc(145)] GCM channel request failed.
1월 09, 2020 02:32:00.14 [864:8788:0109/023200.145:ERROR:connection_factory_impl.cc(418)] Failed to connect to MCS endpoint with error -105
1월 09, 2020 02:34:15.10 [864:11508:0109/023415.108:ERROR:get_updates_processor.cc(246)] PostClientToServerMessage() failed during GetUpdates
1월 09, 2020 02:35:38.35 [864:520:0109/023538.350:ERROR:gcm_channel_status_request.cc(145)] GCM channel request failed.
1월 09, 2020 02:42:11.26 [864:8788:0109/024211.260:ERROR:connection_factory_impl.cc(418)] Failed to connect to MCS endpoint with error -105
1월 09, 2020 02:44:26.22 [864:11508:0109/024426.226:ERROR:get_updates_processor.cc(246)] PostClientToServerMessage() failed during GetUpdates
1월 09, 2020 02:45:49.45 [864:520:0109/024549.458:ERROR:gcm_channel_status_request.cc(145)] GCM channel request failed.
1월 09, 2020 02:52:22.36 [864:8788:0109/025222.360:ERROR:connection_factory_impl.cc(418)] Failed to connect to MCS endpoint with error -105
1월 09, 2020 02:54:37.32 [864:11508:0109/025437.324:ERROR:get_updates_processor.cc(246)] PostClientToServerMessage() failed during GetUpdates
1월 09, 2020 02:55:50.38 [864:520:0109/025550.387:ERROR:gcm_channel_status_request.cc(145)] GCM channel request failed.
1월 09, 2020 03:02:33.47 [864:8788:0109/030233.477:ERROR:connection_factory_impl.cc(418)] Failed to connect to MCS endpoint with error -105
1월 09, 2020 03:04:37.34 [864:11508:0109/030437.333:ERROR:get_updates_processor.cc(246)] PostClientToServerMessage() failed during GetUpdates
1월 09, 2020 03:05:56.42 [864:520:0109/030556.421:ERROR:gcm_channel_status_request.cc(145)] GCM channel request failed.
1월 09, 2020 03:12:44.58 [864:8788:0109/031244.583:ERROR:connection_factory_impl.cc(418)] Failed to connect to MCS endpoint with error -105
1월 09, 2020 03:14:48.45 [864:11508:0109/031448.450:ERROR:get_updates_processor.cc(246)] PostClientToServerMessage() failed during GetUpdates
1월 09, 2020 03:16:07.54 [864:520:0109/031607.548:ERROR:gcm_channel_status_request.cc(145)] GCM channel request failed.
1월 09, 2020 03:22:55.69 [864:8788:0109/032255.697:ERROR:connection_factory_impl.cc(418)] Failed to connect to MCS endpoint with error -105
1월 09, 2020 03:24:54.47 [864:11508:0109/032454.474:ERROR:get_updates_processor.cc(246)] PostClientToServerMessage() failed during GetUpdates
1월 09, 2020 03:26:07.55 [864:520:0109/032607.558:ERROR:gcm_channel_status_request.cc(145)] GCM channel request failed.
